InstantApps-Multifeaturesampleapp/detail/build/outputs/logs/manifest-merger-debug-report.txt
-- Merging decision tree log ---
manifest
ADDED from src\main\AndroidManifest.xml:17:1-42:12
INJECTED from src\main\AndroidManifest.xml:17:1-42:12
INJECTED from src\main\AndroidManifest.xml:17:1-42:12
INJECTED from src\main\AndroidManifest.xml:17:1-42:12
INJECTED from src\main\AndroidManifest.xml:17:1-42:12
INJECTED from src\main\AndroidManifest.xml:17:1-42:12
INJECTED from src\main\AndroidManifest.xml:17:1-42:12
	package
		ADDED from src\main\AndroidManifest.xml:18:5-58
		INJECTED from src\main\AndroidManifest.xml
		INJECTED from src\main\AndroidManifest.xml
	android:versionName
		INJECTED from src\main\AndroidManifest.xml
		ADDED from src\main\AndroidManifest.xml:17:1-42:12
		INJECTED from src\main\AndroidManifest.xml
	android:versionCode
		INJECTED from src\main\AndroidManifest.xml
		ADDED from src\main\AndroidManifest.xml:17:1-42:12
		INJECTED from src\main\AndroidManifest.xml
	xmlns:android
		ADDED from src\main\AndroidManifest.xml:17:11-69
application
ADDED from src\main\AndroidManifest.xml:20:5-41:19
activity#com.example.android.unsplash.DetailActivity
ADDED from src\main\AndroidManifest.xml:21:9-40:20
	android:parentActivityName
		ADDED from src\main\AndroidManifest.xml:24:13-83
	android:label
		ADDED from src\main\AndroidManifest.xml:23:13-45
	android:theme
		ADDED from src\main\AndroidManifest.xml:25:13-46
	android:name
		ADDED from src\main\AndroidManifest.xml:22:13-71
intent-filter#action:name:android.intent.action.VIEW+category:name:android.intent.category.BROWSABLE+category:name:android.intent.category.DEFAULT+data:host:multi-feature.instantappsample.com+data:pathPrefix:/detail+data:scheme:http+data:scheme:https
ADDED from src\main\AndroidManifest.xml:27:13-38:29
	android:autoVerify
		ADDED from src\main\AndroidManifest.xml:28:17-42
	android:order
		ADDED from src\main\AndroidManifest.xml:29:17-34
action#android.intent.action.VIEW
ADDED from src\main\AndroidManifest.xml:30:17-69
	android:name
		ADDED from src\main\AndroidManifest.xml:30:25-66
category#android.intent.category.BROWSABLE
ADDED from src\main\AndroidManifest.xml:31:17-78
	android:name
		ADDED from src\main\AndroidManifest.xml:31:27-75
category#android.intent.category.DEFAULT
ADDED from src\main\AndroidManifest.xml:32:17-76
	android:name
		ADDED from src\main\AndroidManifest.xml:32:27-73
data
ADDED from src\main\AndroidManifest.xml:34:17-75
	android:host
		ADDED from src\main\AndroidManifest.xml:34:23-72
	android:scheme
		ADDED from src\main\AndroidManifest.xml:36:23-45
	android:pathPrefix
		ADDED from src\main\AndroidManifest.xml:35:23-51
uses-sdk
INJECTED from src\main\AndroidManifest.xml reason: use-sdk injection requested
INJECTED from src\main\AndroidManifest.xml
INJECTED from src\main\AndroidManifest.xml
INJECTED from src\main\AndroidManifest.xml
INJECTED from src\main\AndroidManifest.xml
	android:targetSdkVersion
		INJECTED from src\main\AndroidManifest.xml
		ADDED from src\main\AndroidManifest.xml
		INJECTED from src\main\AndroidManifest.xml
	android:minSdkVersion
		INJECTED from src\main\AndroidManifest.xml
		ADDED from src\main\AndroidManifest.xml
		INJECTED from src\main\AndroidManifest.xml